Traceback (most recent call last):
  File "/usr/local/lib/python3.12/site-packages/jupyter_cache/executors/utils.py", line 58, in single_nb_execution
    executenb(
  File "/usr/local/lib/python3.12/site-packages/nbclient/client.py", line 1314, in execute
    return NotebookClient(nb=nb, resources=resources, km=km, **kwargs).execute()
           ^^^^^^^^^^^^^^^^^^^^^^^^^^^^^^^^^^^^^^^^^^^^^^^^^^^^^^^^^^^^^^^^^^^^^
  File "/usr/local/lib/python3.12/site-packages/jupyter_core/utils/__init__.py", line 165, in wrapped
    return loop.run_until_complete(inner)
           ^^^^^^^^^^^^^^^^^^^^^^^^^^^^^^
  File "/usr/local/Cellar/python@3.12/3.12.3/Frameworks/Python.framework/Versions/3.12/lib/python3.12/asyncio/base_events.py", line 687, in run_until_complete
    return future.result()
           ^^^^^^^^^^^^^^^
  File "/usr/local/lib/python3.12/site-packages/nbclient/client.py", line 709, in async_execute
    await self.async_execute_cell(
  File "/usr/local/lib/python3.12/site-packages/nbclient/client.py", line 1062, in async_execute_cell
    await self._check_raise_for_error(cell, cell_index, exec_reply)
  File "/usr/local/lib/python3.12/site-packages/nbclient/client.py", line 918, in _check_raise_for_error
    raise CellExecutionError.from_cell_and_msg(cell, exec_reply_content)
nbclient.exceptions.CellExecutionError: An error occurred while executing the following cell:
------------------
plt.rcParams["animation.bitrate"] = 3000

def animate(i):
    G = to_networkx(data, to_undirected=True)
    plt.subplot(121)
    plt.axis('off')
    nx.draw_networkx(G,
                pos=nx.kamada_kawai_layout(G),
                with_labels=True,
                node_size=200,
                node_color=data.y,
                cmap="hsv",
                vmin=-2,
                vmax=3,
                width=0.8,
                edge_color="grey",
                font_size=14
                )

    plt.title("Graphe avec labels des classes")
    plt.subplot(122)
    plt.axis('off')
    nx.draw_networkx(G,
                    pos=nx.kamada_kawai_layout(G, ),
                    with_labels=True,
                    node_size=200,
                    node_color=outputs[i],
                    cmap="hsv",
                    vmin=-2,
                    vmax=3,
                    width=0.8,
                    edge_color="grey",
                    font_size=14
                    )
    plt.title(f'Epoch {i} | Précision: {accuracies[i]*100:.2f}%', pad=20)


fig,axs = plt.subplots(1,2,figsize=(10,5))
anim = animation.FuncAnimation(fig, animate, \np.arange(0, 200, 10), interval=500, repeat=True)
html = HTML(anim.to_html5_video())
------------------


[0;36m  Cell [0;32mIn[8], line 39[0;36m[0m
[0;31m    anim = animation.FuncAnimation(fig, animate, \np.arange(0, 200, 10), interval=500, repeat=True)[0m
[0m                                                  ^[0m
[0;31mSyntaxError[0m[0;31m:[0m unexpected character after line continuation character


